opening WebSource
Sync ready. Counter at: 3819
1,http://www.cplusplus.com/reference/clibrary/
2,http://www.cplusplus.com/reference/cassert/
3,http://www.cplusplus.com/reference/cctype/
4,http://www.cplusplus.com/reference/cerrno/
5,http://www.cplusplus.com/reference/cfenv/
6,http://www.cplusplus.com/reference/cfloat/
7,http://www.cplusplus.com/reference/cinttypes/
8,http://www.cplusplus.com/reference/ciso646/
9,http://www.cplusplus.com/reference/climits/
10,http://www.cplusplus.com/reference/clocale/
11,http://www.cplusplus.com/reference/cmath/
12,http://www.cplusplus.com/reference/csetjmp/
13,http://www.cplusplus.com/reference/csignal/
14,http://www.cplusplus.com/reference/cstdarg/
15,http://www.cplusplus.com/reference/cstdbool/
16,http://www.cplusplus.com/reference/cstddef/
17,http://www.cplusplus.com/reference/cstdint/
18,http://www.cplusplus.com/reference/cstdio/
19,http://www.cplusplus.com/reference/cstdlib/
20,http://www.cplusplus.com/reference/cstring/
21,http://www.cplusplus.com/reference/ctgmath/
22,http://www.cplusplus.com/reference/ctime/
23,http://www.cplusplus.com/reference/cuchar/
24,http://www.cplusplus.com/reference/cwchar/
25,http://www.cplusplus.com/reference/cwctype/
26,http://www.cplusplus.com/reference/stl/
27,http://www.cplusplus.com/reference/array/
28,http://www.cplusplus.com/reference/deque/
29,http://www.cplusplus.com/reference/forward_list/
30,http://www.cplusplus.com/reference/list/
31,http://www.cplusplus.com/reference/map/
32,http://www.cplusplus.com/reference/queue/
33,http://www.cplusplus.com/reference/set/
34,http://www.cplusplus.com/reference/stack/
35,http://www.cplusplus.com/reference/unordered_map/
36,http://www.cplusplus.com/reference/unordered_set/
37,http://www.cplusplus.com/reference/vector/
38,http://www.cplusplus.com/reference/iolibrary/
39,http://www.cplusplus.com/reference/fstream/
40,http://www.cplusplus.com/reference/iomanip/
41,http://www.cplusplus.com/reference/ios/
42,http://www.cplusplus.com/reference/iosfwd/
43,http://www.cplusplus.com/reference/iostream/
44,http://www.cplusplus.com/reference/istream/
45,http://www.cplusplus.com/reference/ostream/
46,http://www.cplusplus.com/reference/sstream/
47,http://www.cplusplus.com/reference/streambuf/
48,http://www.cplusplus.com/reference/multithreading/
49,http://www.cplusplus.com/reference/atomic/
50,http://www.cplusplus.com/reference/condition_variable/
51,http://www.cplusplus.com/reference/future/
52,http://www.cplusplus.com/reference/mutex/
53,http://www.cplusplus.com/reference/thread/
54,http://www.cplusplus.com/reference/std/
55,http://www.cplusplus.com/reference/algorithm/
56,http://www.cplusplus.com/reference/bitset/
57,http://www.cplusplus.com/reference/chrono/
58,http://www.cplusplus.com/reference/codecvt/
59,http://www.cplusplus.com/reference/complex/
60,http://www.cplusplus.com/reference/exception/
61,http://www.cplusplus.com/reference/functional/
62,http://www.cplusplus.com/reference/initializer_list/
63,http://www.cplusplus.com/reference/iterator/
64,http://www.cplusplus.com/reference/limits/
65,http://www.cplusplus.com/reference/locale/
66,http://www.cplusplus.com/reference/memory/
67,http://www.cplusplus.com/reference/new/
68,http://www.cplusplus.com/reference/numeric/
69,http://www.cplusplus.com/reference/random/
70,http://www.cplusplus.com/reference/ratio/
71,http://www.cplusplus.com/reference/regex/
72,http://www.cplusplus.com/reference/stdexcept/
73,http://www.cplusplus.com/reference/string/
74,http://www.cplusplus.com/reference/system_error/
75,http://www.cplusplus.com/reference/tuple/
76,http://www.cplusplus.com/reference/typeindex/
77,http://www.cplusplus.com/reference/typeinfo/
78,http://www.cplusplus.com/reference/type_traits/
79,http://www.cplusplus.com/reference/utility/
80,http://www.cplusplus.com/reference/valarray/
1,http://www.cplusplus.com/reference/clibrary/
ign Dupe:http://www.cplusplus.com/reference/clibrary/
2,http://www.cplusplus.com/reference/cassert/
ign Dupe:http://www.cplusplus.com/reference/cassert/
3,http://www.cplusplus.com/reference/cctype/
ign Dupe:http://www.cplusplus.com/reference/cctype/
4,http://www.cplusplus.com/reference/cerrno/
ign Dupe:http://www.cplusplus.com/reference/cerrno/
5,http://www.cplusplus.com/reference/cfenv/
ign Dupe:http://www.cplusplus.com/reference/cfenv/
6,http://www.cplusplus.com/reference/cfloat/
ign Dupe:http://www.cplusplus.com/reference/cfloat/
7,http://www.cplusplus.com/reference/cinttypes/
ign Dupe:http://www.cplusplus.com/reference/cinttypes/
8,http://www.cplusplus.com/reference/ciso646/
ign Dupe:http://www.cplusplus.com/reference/ciso646/
9,http://www.cplusplus.com/reference/climits/
ign Dupe:http://www.cplusplus.com/reference/climits/
10,http://www.cplusplus.com/reference/clocale/
ign Dupe:http://www.cplusplus.com/reference/clocale/
11,http://www.cplusplus.com/reference/cmath/
ign Dupe:http://www.cplusplus.com/reference/cmath/
12,http://www.cplusplus.com/reference/csetjmp/
ign Dupe:http://www.cplusplus.com/reference/csetjmp/
13,http://www.cplusplus.com/reference/csignal/
ign Dupe:http://www.cplusplus.com/reference/csignal/
14,http://www.cplusplus.com/reference/cstdarg/
ign Dupe:http://www.cplusplus.com/reference/cstdarg/
15,http://www.cplusplus.com/reference/cstdbool/
ign Dupe:http://www.cplusplus.com/reference/cstdbool/
16,http://www.cplusplus.com/reference/cstddef/
ign Dupe:http://www.cplusplus.com/reference/cstddef/
17,http://www.cplusplus.com/reference/cstdint/
ign Dupe:http://www.cplusplus.com/reference/cstdint/
18,http://www.cplusplus.com/reference/cstdio/
ign Dupe:http://www.cplusplus.com/reference/cstdio/
19,http://www.cplusplus.com/reference/cstdlib/
ign Dupe:http://www.cplusplus.com/reference/cstdlib/
20,http://www.cplusplus.com/reference/cstring/
ign Dupe:http://www.cplusplus.com/reference/cstring/
21,http://www.cplusplus.com/reference/ctgmath/
ign Dupe:http://www.cplusplus.com/reference/ctgmath/
22,http://www.cplusplus.com/reference/ctime/
ign Dupe:http://www.cplusplus.com/reference/ctime/
23,http://www.cplusplus.com/reference/cuchar/
ign Dupe:http://www.cplusplus.com/reference/cuchar/
24,http://www.cplusplus.com/reference/cwchar/
ign Dupe:http://www.cplusplus.com/reference/cwchar/
25,http://www.cplusplus.com/reference/cwctype/
ign Dupe:http://www.cplusplus.com/reference/cwctype/
26,http://www.cplusplus.com/reference/stl/
ign Dupe:http://www.cplusplus.com/reference/stl/
27,http://www.cplusplus.com/reference/array/
ign Dupe:http://www.cplusplus.com/reference/array/
28,http://www.cplusplus.com/reference/deque/
ign Dupe:http://www.cplusplus.com/reference/deque/
29,http://www.cplusplus.com/reference/forward_list/
ign Dupe:http://www.cplusplus.com/reference/forward_list/
30,http://www.cplusplus.com/reference/list/
ign Dupe:http://www.cplusplus.com/reference/list/
31,http://www.cplusplus.com/reference/map/
ign Dupe:http://www.cplusplus.com/reference/map/
32,http://www.cplusplus.com/reference/queue/
ign Dupe:http://www.cplusplus.com/reference/queue/
33,http://www.cplusplus.com/reference/set/
ign Dupe:http://www.cplusplus.com/reference/set/
34,http://www.cplusplus.com/reference/stack/
ign Dupe:http://www.cplusplus.com/reference/stack/
35,http://www.cplusplus.com/reference/unordered_map/
ign Dupe:http://www.cplusplus.com/reference/unordered_map/
36,http://www.cplusplus.com/reference/unordered_set/
ign Dupe:http://www.cplusplus.com/reference/unordered_set/
37,http://www.cplusplus.com/reference/vector/
ign Dupe:http://www.cplusplus.com/reference/vector/
38,http://www.cplusplus.com/reference/iolibrary/
ign Dupe:http://www.cplusplus.com/reference/iolibrary/
39,http://www.cplusplus.com/reference/fstream/
ign Dupe:http://www.cplusplus.com/reference/fstream/
40,http://www.cplusplus.com/reference/iomanip/
ign Dupe:http://www.cplusplus.com/reference/iomanip/
41,http://www.cplusplus.com/reference/ios/
ign Dupe:http://www.cplusplus.com/reference/ios/
42,http://www.cplusplus.com/reference/iosfwd/
ign Dupe:http://www.cplusplus.com/reference/iosfwd/
43,http://www.cplusplus.com/reference/iostream/
ign Dupe:http://www.cplusplus.com/reference/iostream/
44,http://www.cplusplus.com/reference/istream/
ign Dupe:http://www.cplusplus.com/reference/istream/
45,http://www.cplusplus.com/reference/ostream/
ign Dupe:http://www.cplusplus.com/reference/ostream/
46,http://www.cplusplus.com/reference/sstream/
ign Dupe:http://www.cplusplus.com/reference/sstream/
47,http://www.cplusplus.com/reference/streambuf/
ign Dupe:http://www.cplusplus.com/reference/streambuf/
48,http://www.cplusplus.com/reference/multithreading/
ign Dupe:http://www.cplusplus.com/reference/multithreading/
49,http://www.cplusplus.com/reference/atomic/
ign Dupe:http://www.cplusplus.com/reference/atomic/
50,http://www.cplusplus.com/reference/condition_variable/
ign Dupe:http://www.cplusplus.com/reference/condition_variable/
51,http://www.cplusplus.com/reference/future/
ign Dupe:http://www.cplusplus.com/reference/future/
52,http://www.cplusplus.com/reference/mutex/
ign Dupe:http://www.cplusplus.com/reference/mutex/
53,http://www.cplusplus.com/reference/thread/
ign Dupe:http://www.cplusplus.com/reference/thread/
54,http://www.cplusplus.com/reference/std/
ign Dupe:http://www.cplusplus.com/reference/std/
55,http://www.cplusplus.com/reference/algorithm/
ign Dupe:http://www.cplusplus.com/reference/algorithm/
56,http://www.cplusplus.com/reference/bitset/
ign Dupe:http://www.cplusplus.com/reference/bitset/
57,http://www.cplusplus.com/reference/chrono/
ign Dupe:http://www.cplusplus.com/reference/chrono/
58,http://www.cplusplus.com/reference/codecvt/
ign Dupe:http://www.cplusplus.com/reference/codecvt/
59,http://www.cplusplus.com/reference/complex/
ign Dupe:http://www.cplusplus.com/reference/complex/
60,http://www.cplusplus.com/reference/exception/
ign Dupe:http://www.cplusplus.com/reference/exception/
61,http://www.cplusplus.com/reference/functional/
ign Dupe:http://www.cplusplus.com/reference/functional/
62,http://www.cplusplus.com/reference/initializer_list/
ign Dupe:http://www.cplusplus.com/reference/initializer_list/
63,http://www.cplusplus.com/reference/iterator/
ign Dupe:http://www.cplusplus.com/reference/iterator/
64,http://www.cplusplus.com/reference/limits/
ign Dupe:http://www.cplusplus.com/reference/limits/
65,http://www.cplusplus.com/reference/locale/
ign Dupe:http://www.cplusplus.com/reference/locale/
66,http://www.cplusplus.com/reference/memory/
ign Dupe:http://www.cplusplus.com/reference/memory/
67,http://www.cplusplus.com/reference/new/
ign Dupe:http://www.cplusplus.com/reference/new/
68,http://www.cplusplus.com/reference/numeric/
ign Dupe:http://www.cplusplus.com/reference/numeric/
69,http://www.cplusplus.com/reference/random/
ign Dupe:http://www.cplusplus.com/reference/random/
70,http://www.cplusplus.com/reference/ratio/
ign Dupe:http://www.cplusplus.com/reference/ratio/
71,http://www.cplusplus.com/reference/regex/
ign Dupe:http://www.cplusplus.com/reference/regex/
72,http://www.cplusplus.com/reference/stdexcept/
ign Dupe:http://www.cplusplus.com/reference/stdexcept/
73,http://www.cplusplus.com/reference/string/
ign Dupe:http://www.cplusplus.com/reference/string/
74,http://www.cplusplus.com/reference/system_error/
ign Dupe:http://www.cplusplus.com/reference/system_error/
75,http://www.cplusplus.com/reference/tuple/
ign Dupe:http://www.cplusplus.com/reference/tuple/
76,http://www.cplusplus.com/reference/typeindex/
ign Dupe:http://www.cplusplus.com/reference/typeindex/
77,http://www.cplusplus.com/reference/typeinfo/
ign Dupe:http://www.cplusplus.com/reference/typeinfo/
78,http://www.cplusplus.com/reference/type_traits/
ign Dupe:http://www.cplusplus.com/reference/type_traits/
79,http://www.cplusplus.com/reference/utility/
ign Dupe:http://www.cplusplus.com/reference/utility/
80,http://www.cplusplus.com/reference/valarray/
ign Dupe:http://www.cplusplus.com/reference/valarray/
1,http://www.cplusplus.com/reference/clibrary/
ign Dupe:http://www.cplusplus.com/reference/clibrary/
2,http://www.cplusplus.com/reference/cassert/
ign Dupe:http://www.cplusplus.com/reference/cassert/
3,http://www.cplusplus.com/reference/cctype/
ign Dupe:http://www.cplusplus.com/reference/cctype/
4,http://www.cplusplus.com/reference/cerrno/
ign Dupe:http://www.cplusplus.com/reference/cerrno/
5,http://www.cplusplus.com/reference/cfenv/
ign Dupe:http://www.cplusplus.com/reference/cfenv/
6,http://www.cplusplus.com/reference/cfloat/
ign Dupe:http://www.cplusplus.com/reference/cfloat/
7,http://www.cplusplus.com/reference/cinttypes/
ign Dupe:http://www.cplusplus.com/reference/cinttypes/
8,http://www.cplusplus.com/reference/ciso646/
ign Dupe:http://www.cplusplus.com/reference/ciso646/
9,http://www.cplusplus.com/reference/climits/
ign Dupe:http://www.cplusplus.com/reference/climits/
10,http://www.cplusplus.com/reference/clocale/
ign Dupe:http://www.cplusplus.com/reference/clocale/
11,http://www.cplusplus.com/reference/cmath/
ign Dupe:http://www.cplusplus.com/reference/cmath/
12,http://www.cplusplus.com/reference/csetjmp/
ign Dupe:http://www.cplusplus.com/reference/csetjmp/
13,http://www.cplusplus.com/reference/csignal/
ign Dupe:http://www.cplusplus.com/reference/csignal/
14,http://www.cplusplus.com/reference/cstdarg/
ign Dupe:http://www.cplusplus.com/reference/cstdarg/
15,http://www.cplusplus.com/reference/cstdbool/
ign Dupe:http://www.cplusplus.com/reference/cstdbool/
16,http://www.cplusplus.com/reference/cstddef/
ign Dupe:http://www.cplusplus.com/reference/cstddef/
17,http://www.cplusplus.com/reference/cstdint/
ign Dupe:http://www.cplusplus.com/reference/cstdint/
18,http://www.cplusplus.com/reference/cstdio/
ign Dupe:http://www.cplusplus.com/reference/cstdio/
19,http://www.cplusplus.com/reference/cstdlib/
ign Dupe:http://www.cplusplus.com/reference/cstdlib/
20,http://www.cplusplus.com/reference/cstring/
ign Dupe:http://www.cplusplus.com/reference/cstring/
21,http://www.cplusplus.com/reference/ctgmath/
ign Dupe:http://www.cplusplus.com/reference/ctgmath/
22,http://www.cplusplus.com/reference/ctime/
ign Dupe:http://www.cplusplus.com/reference/ctime/
23,http://www.cplusplus.com/reference/cuchar/
ign Dupe:http://www.cplusplus.com/reference/cuchar/
24,http://www.cplusplus.com/reference/cwchar/
ign Dupe:http://www.cplusplus.com/reference/cwchar/
25,http://www.cplusplus.com/reference/cwctype/
ign Dupe:http://www.cplusplus.com/reference/cwctype/
26,http://www.cplusplus.com/reference/stl/
ign Dupe:http://www.cplusplus.com/reference/stl/
27,http://www.cplusplus.com/reference/array/
ign Dupe:http://www.cplusplus.com/reference/array/
28,http://www.cplusplus.com/reference/deque/
ign Dupe:http://www.cplusplus.com/reference/deque/
29,http://www.cplusplus.com/reference/forward_list/
ign Dupe:http://www.cplusplus.com/reference/forward_list/
30,http://www.cplusplus.com/reference/list/
ign Dupe:http://www.cplusplus.com/reference/list/
31,http://www.cplusplus.com/reference/map/
ign Dupe:http://www.cplusplus.com/reference/map/
32,http://www.cplusplus.com/reference/queue/
ign Dupe:http://www.cplusplus.com/reference/queue/
33,http://www.cplusplus.com/reference/set/
ign Dupe:http://www.cplusplus.com/reference/set/
34,http://www.cplusplus.com/reference/stack/
ign Dupe:http://www.cplusplus.com/reference/stack/
35,http://www.cplusplus.com/reference/unordered_map/
ign Dupe:http://www.cplusplus.com/reference/unordered_map/
36,http://www.cplusplus.com/reference/unordered_set/
ign Dupe:http://www.cplusplus.com/reference/unordered_set/
37,http://www.cplusplus.com/reference/vector/
ign Dupe:http://www.cplusplus.com/reference/vector/
38,http://www.cplusplus.com/reference/iolibrary/
ign Dupe:http://www.cplusplus.com/reference/iolibrary/
39,http://www.cplusplus.com/reference/fstream/
ign Dupe:http://www.cplusplus.com/reference/fstream/
40,http://www.cplusplus.com/reference/iomanip/
ign Dupe:http://www.cplusplus.com/reference/iomanip/
41,http://www.cplusplus.com/reference/ios/
ign Dupe:http://www.cplusplus.com/reference/ios/
42,http://www.cplusplus.com/reference/iosfwd/
ign Dupe:http://www.cplusplus.com/reference/iosfwd/
43,http://www.cplusplus.com/reference/iostream/
ign Dupe:http://www.cplusplus.com/reference/iostream/
44,http://www.cplusplus.com/reference/istream/
ign Dupe:http://www.cplusplus.com/reference/istream/
45,http://www.cplusplus.com/reference/ostream/
ign Dupe:http://www.cplusplus.com/reference/ostream/
46,http://www.cplusplus.com/reference/sstream/
ign Dupe:http://www.cplusplus.com/reference/sstream/
47,http://www.cplusplus.com/reference/streambuf/
ign Dupe:http://www.cplusplus.com/reference/streambuf/
48,http://www.cplusplus.com/reference/multithreading/
ign Dupe:http://www.cplusplus.com/reference/multithreading/
49,http://www.cplusplus.com/reference/atomic/
ign Dupe:http://www.cplusplus.com/reference/atomic/
50,http://www.cplusplus.com/reference/condition_variable/
ign Dupe:http://www.cplusplus.com/reference/condition_variable/
51,http://www.cplusplus.com/reference/future/
ign Dupe:http://www.cplusplus.com/reference/future/
52,http://www.cplusplus.com/reference/mutex/
ign Dupe:http://www.cplusplus.com/reference/mutex/
53,http://www.cplusplus.com/reference/thread/
ign Dupe:http://www.cplusplus.com/reference/thread/
54,http://www.cplusplus.com/reference/std/
ign Dupe:http://www.cplusplus.com/reference/std/
55,http://www.cplusplus.com/reference/algorithm/
ign Dupe:http://www.cplusplus.com/reference/algorithm/
56,http://www.cplusplus.com/reference/bitset/
ign Dupe:http://www.cplusplus.com/reference/bitset/
57,http://www.cplusplus.com/reference/chrono/
ign Dupe:http://www.cplusplus.com/reference/chrono/
58,http://www.cplusplus.com/reference/codecvt/
ign Dupe:http://www.cplusplus.com/reference/codecvt/
59,http://www.cplusplus.com/reference/complex/
ign Dupe:http://www.cplusplus.com/reference/complex/
60,http://www.cplusplus.com/reference/exception/
ign Dupe:http://www.cplusplus.com/reference/exception/
61,http://www.cplusplus.com/reference/functional/
ign Dupe:http://www.cplusplus.com/reference/functional/
62,http://www.cplusplus.com/reference/initializer_list/
ign Dupe:http://www.cplusplus.com/reference/initializer_list/
63,http://www.cplusplus.com/reference/iterator/
ign Dupe:http://www.cplusplus.com/reference/iterator/
64,http://www.cplusplus.com/reference/limits/
ign Dupe:http://www.cplusplus.com/reference/limits/
65,http://www.cplusplus.com/reference/locale/
ign Dupe:http://www.cplusplus.com/reference/locale/
66,http://www.cplusplus.com/reference/memory/
ign Dupe:http://www.cplusplus.com/reference/memory/
67,http://www.cplusplus.com/reference/new/
ign Dupe:http://www.cplusplus.com/reference/new/
68,http://www.cplusplus.com/reference/numeric/
ign Dupe:http://www.cplusplus.com/reference/numeric/
69,http://www.cplusplus.com/reference/random/
ign Dupe:http://www.cplusplus.com/reference/random/
70,http://www.cplusplus.com/reference/ratio/
ign Dupe:http://www.cplusplus.com/reference/ratio/
71,http://www.cplusplus.com/reference/regex/
ign Dupe:http://www.cplusplus.com/reference/regex/
72,http://www.cplusplus.com/reference/stdexcept/
ign Dupe:http://www.cplusplus.com/reference/stdexcept/
73,http://www.cplusplus.com/reference/string/
ign Dupe:http://www.cplusplus.com/reference/string/
74,http://www.cplusplus.com/reference/system_error/
ign Dupe:http://www.cplusplus.com/reference/system_error/
75,http://www.cplusplus.com/reference/tuple/
ign Dupe:http://www.cplusplus.com/reference/tuple/
76,http://www.cplusplus.com/reference/typeindex/
ign Dupe:http://www.cplusplus.com/reference/typeindex/
77,http://www.cplusplus.com/reference/typeinfo/
ign Dupe:http://www.cplusplus.com/reference/typeinfo/
78,http://www.cplusplus.com/reference/type_traits/
ign Dupe:http://www.cplusplus.com/reference/type_traits/
79,http://www.cplusplus.com/reference/utility/
ign Dupe:http://www.cplusplus.com/reference/utility/
80,http://www.cplusplus.com/reference/valarray/
ign Dupe:http://www.cplusplus.com/reference/valarray/
1,http://www.cplusplus.com/reference/clibrary/
ign Dupe:http://www.cplusplus.com/reference/clibrary/
2,http://www.cplusplus.com/reference/cassert/
ign Dupe:http://www.cplusplus.com/reference/cassert/
3,http://www.cplusplus.com/reference/cctype/
ign Dupe:http://www.cplusplus.com/reference/cctype/
4,http://www.cplusplus.com/reference/cerrno/
ign Dupe:http://www.cplusplus.com/reference/cerrno/
5,http://www.cplusplus.com/reference/cfenv/
ign Dupe:http://www.cplusplus.com/reference/cfenv/
6,http://www.cplusplus.com/reference/cfloat/
ign Dupe:http://www.cplusplus.com/reference/cfloat/
7,http://www.cplusplus.com/reference/cinttypes/
ign Dupe:http://www.cplusplus.com/reference/cinttypes/
8,http://www.cplusplus.com/reference/ciso646/
ign Dupe:http://www.cplusplus.com/reference/ciso646/
9,http://www.cplusplus.com/reference/climits/
ign Dupe:http://www.cplusplus.com/reference/climits/
10,http://www.cplusplus.com/reference/clocale/
ign Dupe:http://www.cplusplus.com/reference/clocale/
11,http://www.cplusplus.com/reference/cmath/
ign Dupe:http://www.cplusplus.com/reference/cmath/
12,http://www.cplusplus.com/reference/csetjmp/
ign Dupe:http://www.cplusplus.com/reference/csetjmp/
13,http://www.cplusplus.com/reference/csignal/
ign Dupe:http://www.cplusplus.com/reference/csignal/
14,http://www.cplusplus.com/reference/cstdarg/
ign Dupe:http://www.cplusplus.com/reference/cstdarg/
15,http://www.cplusplus.com/reference/cstdbool/
ign Dupe:http://www.cplusplus.com/reference/cstdbool/
16,http://www.cplusplus.com/reference/cstddef/
ign Dupe:http://www.cplusplus.com/reference/cstddef/
17,http://www.cplusplus.com/reference/cstdint/
ign Dupe:http://www.cplusplus.com/reference/cstdint/
18,http://www.cplusplus.com/reference/cstdio/
ign Dupe:http://www.cplusplus.com/reference/cstdio/
19,http://www.cplusplus.com/reference/cstdlib/
ign Dupe:http://www.cplusplus.com/reference/cstdlib/
20,http://www.cplusplus.com/reference/cstring/
ign Dupe:http://www.cplusplus.com/reference/cstring/
21,http://www.cplusplus.com/reference/ctgmath/
ign Dupe:http://www.cplusplus.com/reference/ctgmath/
22,http://www.cplusplus.com/reference/ctime/
ign Dupe:http://www.cplusplus.com/reference/ctime/
23,http://www.cplusplus.com/reference/cuchar/
ign Dupe:http://www.cplusplus.com/reference/cuchar/
24,http://www.cplusplus.com/reference/cwchar/
ign Dupe:http://www.cplusplus.com/reference/cwchar/
25,http://www.cplusplus.com/reference/cwctype/
ign Dupe:http://www.cplusplus.com/reference/cwctype/
26,http://www.cplusplus.com/reference/stl/
ign Dupe:http://www.cplusplus.com/reference/stl/
27,http://www.cplusplus.com/reference/array/
ign Dupe:http://www.cplusplus.com/reference/array/
28,http://www.cplusplus.com/reference/deque/
ign Dupe:http://www.cplusplus.com/reference/deque/
29,http://www.cplusplus.com/reference/forward_list/
ign Dupe:http://www.cplusplus.com/reference/forward_list/
30,http://www.cplusplus.com/reference/list/
ign Dupe:http://www.cplusplus.com/reference/list/
31,http://www.cplusplus.com/reference/map/
ign Dupe:http://www.cplusplus.com/reference/map/
32,http://www.cplusplus.com/reference/queue/
ign Dupe:http://www.cplusplus.com/reference/queue/
33,http://www.cplusplus.com/reference/set/
ign Dupe:http://www.cplusplus.com/reference/set/
34,http://www.cplusplus.com/reference/stack/
ign Dupe:http://www.cplusplus.com/reference/stack/
35,http://www.cplusplus.com/reference/unordered_map/
ign Dupe:http://www.cplusplus.com/reference/unordered_map/
36,http://www.cplusplus.com/reference/unordered_set/
ign Dupe:http://www.cplusplus.com/reference/unordered_set/
37,http://www.cplusplus.com/reference/vector/
ign Dupe:http://www.cplusplus.com/reference/vector/
38,http://www.cplusplus.com/reference/iolibrary/
ign Dupe:http://www.cplusplus.com/reference/iolibrary/
39,http://www.cplusplus.com/reference/fstream/
ign Dupe:http://www.cplusplus.com/reference/fstream/
40,http://www.cplusplus.com/reference/iomanip/
ign Dupe:http://www.cplusplus.com/reference/iomanip/
41,http://www.cplusplus.com/reference/ios/
ign Dupe:http://www.cplusplus.com/reference/ios/
42,http://www.cplusplus.com/reference/iosfwd/
ign Dupe:http://www.cplusplus.com/reference/iosfwd/
43,http://www.cplusplus.com/reference/iostream/
ign Dupe:http://www.cplusplus.com/reference/iostream/
44,http://www.cplusplus.com/reference/istream/
ign Dupe:http://www.cplusplus.com/reference/istream/
45,http://www.cplusplus.com/reference/ostream/
ign Dupe:http://www.cplusplus.com/reference/ostream/
46,http://www.cplusplus.com/reference/sstream/
ign Dupe:http://www.cplusplus.com/reference/sstream/
47,http://www.cplusplus.com/reference/streambuf/
ign Dupe:http://www.cplusplus.com/reference/streambuf/
48,http://www.cplusplus.com/reference/multithreading/
ign Dupe:http://www.cplusplus.com/reference/multithreading/
49,http://www.cplusplus.com/reference/atomic/
ign Dupe:http://www.cplusplus.com/reference/atomic/
50,http://www.cplusplus.com/reference/condition_variable/
ign Dupe:http://www.cplusplus.com/reference/condition_variable/
51,http://www.cplusplus.com/reference/future/
ign Dupe:http://www.cplusplus.com/reference/future/
52,http://www.cplusplus.com/reference/mutex/
ign Dupe:http://www.cplusplus.com/reference/mutex/
53,http://www.cplusplus.com/reference/thread/
ign Dupe:http://www.cplusplus.com/reference/thread/
54,http://www.cplusplus.com/reference/std/
ign Dupe:http://www.cplusplus.com/reference/std/
55,http://www.cplusplus.com/reference/algorithm/
ign Dupe:http://www.cplusplus.com/reference/algorithm/
56,http://www.cplusplus.com/reference/bitset/
ign Dupe:http://www.cplusplus.com/reference/bitset/
57,http://www.cplusplus.com/reference/chrono/
ign Dupe:http://www.cplusplus.com/reference/chrono/
58,http://www.cplusplus.com/reference/codecvt/
ign Dupe:http://www.cplusplus.com/reference/codecvt/
59,http://www.cplusplus.com/reference/complex/
ign Dupe:http://www.cplusplus.com/reference/complex/
60,http://www.cplusplus.com/reference/exception/
ign Dupe:http://www.cplusplus.com/reference/exception/
61,http://www.cplusplus.com/reference/functional/
ign Dupe:http://www.cplusplus.com/reference/functional/
62,http://www.cplusplus.com/reference/initializer_list/
ign Dupe:http://www.cplusplus.com/reference/initializer_list/
63,http://www.cplusplus.com/reference/iterator/
ign Dupe:http://www.cplusplus.com/reference/iterator/
64,http://www.cplusplus.com/reference/limits/
ign Dupe:http://www.cplusplus.com/reference/limits/
65,http://www.cplusplus.com/reference/locale/
ign Dupe:http://www.cplusplus.com/reference/locale/
66,http://www.cplusplus.com/reference/memory/
ign Dupe:http://www.cplusplus.com/reference/memory/
67,http://www.cplusplus.com/reference/new/
ign Dupe:http://www.cplusplus.com/reference/new/
68,http://www.cplusplus.com/reference/numeric/
ign Dupe:http://www.cplusplus.com/reference/numeric/
69,http://www.cplusplus.com/reference/random/
ign Dupe:http://www.cplusplus.com/reference/random/
70,http://www.cplusplus.com/reference/ratio/
ign Dupe:http://www.cplusplus.com/reference/ratio/
71,http://www.cplusplus.com/reference/regex/
ign Dupe:http://www.cplusplus.com/reference/regex/
72,http://www.cplusplus.com/reference/stdexcept/
ign Dupe:http://www.cplusplus.com/reference/stdexcept/
73,http://www.cplusplus.com/reference/string/
ign Dupe:http://www.cplusplus.com/reference/string/
74,http://www.cplusplus.com/reference/system_error/
ign Dupe:http://www.cplusplus.com/reference/system_error/
75,http://www.cplusplus.com/reference/tuple/
ign Dupe:http://www.cplusplus.com/reference/tuple/
76,http://www.cplusplus.com/reference/typeindex/
ign Dupe:http://www.cplusplus.com/reference/typeindex/
77,http://www.cplusplus.com/reference/typeinfo/
ign Dupe:http://www.cplusplus.com/reference/typeinfo/
78,http://www.cplusplus.com/reference/type_traits/
ign Dupe:http://www.cplusplus.com/reference/type_traits/
79,http://www.cplusplus.com/reference/utility/
ign Dupe:http://www.cplusplus.com/reference/utility/
80,http://www.cplusplus.com/reference/valarray/
ign Dupe:http://www.cplusplus.com/reference/valarray/
1,http://www.cplusplus.com/reference/clibrary/
ign Dupe:http://www.cplusplus.com/reference/clibrary/
2,http://www.cplusplus.com/reference/cassert/
ign Dupe:http://www.cplusplus.com/reference/cassert/
3,http://www.cplusplus.com/reference/cctype/
ign Dupe:http://www.cplusplus.com/reference/cctype/
4,http://www.cplusplus.com/reference/cerrno/
ign Dupe:http://www.cplusplus.com/reference/cerrno/
5,http://www.cplusplus.com/reference/cfenv/
ign Dupe:http://www.cplusplus.com/reference/cfenv/
6,http://www.cplusplus.com/reference/cfloat/
ign Dupe:http://www.cplusplus.com/reference/cfloat/
7,http://www.cplusplus.com/reference/cinttypes/
ign Dupe:http://www.cplusplus.com/reference/cinttypes/
8,http://www.cplusplus.com/reference/ciso646/
ign Dupe:http://www.cplusplus.com/reference/ciso646/
9,http://www.cplusplus.com/reference/climits/
ign Dupe:http://www.cplusplus.com/reference/climits/
10,http://www.cplusplus.com/reference/clocale/
ign Dupe:http://www.cplusplus.com/reference/clocale/
11,http://www.cplusplus.com/reference/cmath/
ign Dupe:http://www.cplusplus.com/reference/cmath/
12,http://www.cplusplus.com/reference/csetjmp/
ign Dupe:http://www.cplusplus.com/reference/csetjmp/
13,http://www.cplusplus.com/reference/csignal/
ign Dupe:http://www.cplusplus.com/reference/csignal/
14,http://www.cplusplus.com/reference/cstdarg/
ign Dupe:http://www.cplusplus.com/reference/cstdarg/
15,http://www.cplusplus.com/reference/cstdbool/
ign Dupe:http://www.cplusplus.com/reference/cstdbool/
16,http://www.cplusplus.com/reference/cstddef/
ign Dupe:http://www.cplusplus.com/reference/cstddef/
17,http://www.cplusplus.com/reference/cstdint/
ign Dupe:http://www.cplusplus.com/reference/cstdint/
18,http://www.cplusplus.com/reference/cstdio/
ign Dupe:http://www.cplusplus.com/reference/cstdio/
19,http://www.cplusplus.com/reference/cstdlib/
ign Dupe:http://www.cplusplus.com/reference/cstdlib/
20,http://www.cplusplus.com/reference/cstring/
ign Dupe:http://www.cplusplus.com/reference/cstring/
21,http://www.cplusplus.com/reference/ctgmath/
ign Dupe:http://www.cplusplus.com/reference/ctgmath/
22,http://www.cplusplus.com/reference/ctime/
ign Dupe:http://www.cplusplus.com/reference/ctime/
23,http://www.cplusplus.com/reference/cuchar/
ign Dupe:http://www.cplusplus.com/reference/cuchar/
24,http://www.cplusplus.com/reference/cwchar/
ign Dupe:http://www.cplusplus.com/reference/cwchar/
25,http://www.cplusplus.com/reference/cwctype/
ign Dupe:http://www.cplusplus.com/reference/cwctype/
26,http://www.cplusplus.com/reference/stl/
ign Dupe:http://www.cplusplus.com/reference/stl/
27,http://www.cplusplus.com/reference/array/
ign Dupe:http://www.cplusplus.com/reference/array/
28,http://www.cplusplus.com/reference/deque/
ign Dupe:http://www.cplusplus.com/reference/deque/
29,http://www.cplusplus.com/reference/forward_list/
ign Dupe:http://www.cplusplus.com/reference/forward_list/
30,http://www.cplusplus.com/reference/list/
ign Dupe:http://www.cplusplus.com/reference/list/
31,http://www.cplusplus.com/reference/map/
ign Dupe:http://www.cplusplus.com/reference/map/
32,http://www.cplusplus.com/reference/queue/
ign Dupe:http://www.cplusplus.com/reference/queue/
33,http://www.cplusplus.com/reference/set/
ign Dupe:http://www.cplusplus.com/reference/set/
34,http://www.cplusplus.com/reference/stack/
ign Dupe:http://www.cplusplus.com/reference/stack/
35,http://www.cplusplus.com/reference/unordered_map/
ign Dupe:http://www.cplusplus.com/reference/unordered_map/
36,http://www.cplusplus.com/reference/unordered_set/
ign Dupe:http://www.cplusplus.com/reference/unordered_set/
37,http://www.cplusplus.com/reference/vector/
ign Dupe:http://www.cplusplus.com/reference/vector/
38,http://www.cplusplus.com/reference/iolibrary/
ign Dupe:http://www.cplusplus.com/reference/iolibrary/
39,http://www.cplusplus.com/reference/fstream/
ign Dupe:http://www.cplusplus.com/reference/fstream/
40,http://www.cplusplus.com/reference/iomanip/
ign Dupe:http://www.cplusplus.com/reference/iomanip/
41,http://www.cplusplus.com/reference/ios/
ign Dupe:http://www.cplusplus.com/reference/ios/
42,http://www.cplusplus.com/reference/iosfwd/
ign Dupe:http://www.cplusplus.com/reference/iosfwd/
43,http://www.cplusplus.com/reference/iostream/
ign Dupe:http://www.cplusplus.com/reference/iostream/
44,http://www.cplusplus.com/reference/istream/
ign Dupe:http://www.cplusplus.com/reference/istream/
45,http://www.cplusplus.com/reference/ostream/
ign Dupe:http://www.cplusplus.com/reference/ostream/
46,http://www.cplusplus.com/reference/sstream/
ign Dupe:http://www.cplusplus.com/reference/sstream/
47,http://www.cplusplus.com/reference/streambuf/
ign Dupe:http://www.cplusplus.com/reference/streambuf/
48,http://www.cplusplus.com/reference/multithreading/
ign Dupe:http://www.cplusplus.com/reference/multithreading/
49,http://www.cplusplus.com/reference/atomic/
ign Dupe:http://www.cplusplus.com/reference/atomic/
50,http://www.cplusplus.com/reference/condition_variable/
ign Dupe:http://www.cplusplus.com/reference/condition_variable/
51,http://www.cplusplus.com/reference/future/
ign Dupe:http://www.cplusplus.com/reference/future/
52,http://www.cplusplus.com/reference/mutex/
ign Dupe:http://www.cplusplus.com/reference/mutex/
53,http://www.cplusplus.com/reference/thread/
ign Dupe:http://www.cplusplus.com/reference/thread/
54,http://www.cplusplus.com/reference/std/
ign Dupe:http://www.cplusplus.com/reference/std/
55,http://www.cplusplus.com/reference/algorithm/
ign Dupe:http://www.cplusplus.com/reference/algorithm/
56,http://www.cplusplus.com/reference/bitset/
ign Dupe:http://www.cplusplus.com/reference/bitset/
57,http://www.cplusplus.com/reference/chrono/
ign Dupe:http://www.cplusplus.com/reference/chrono/
58,http://www.cplusplus.com/reference/codecvt/
ign Dupe:http://www.cplusplus.com/reference/codecvt/
59,http://www.cplusplus.com/reference/complex/
ign Dupe:http://www.cplusplus.com/reference/complex/
60,http://www.cplusplus.com/reference/exception/
ign Dupe:http://www.cplusplus.com/reference/exception/
61,http://www.cplusplus.com/reference/functional/
ign Dupe:http://www.cplusplus.com/reference/functional/
62,http://www.cplusplus.com/reference/initializer_list/
ign Dupe:http://www.cplusplus.com/reference/initializer_list/
63,http://www.cplusplus.com/reference/iterator/
ign Dupe:http://www.cplusplus.com/reference/iterator/
64,http://www.cplusplus.com/reference/limits/
ign Dupe:http://www.cplusplus.com/reference/limits/
65,http://www.cplusplus.com/reference/locale/
ign Dupe:http://www.cplusplus.com/reference/locale/
66,http://www.cplusplus.com/reference/memory/
ign Dupe:http://www.cplusplus.com/reference/memory/
67,http://www.cplusplus.com/reference/new/
ign Dupe:http://www.cplusplus.com/reference/new/
68,http://www.cplusplus.com/reference/numeric/
ign Dupe:http://www.cplusplus.com/reference/numeric/
69,http://www.cplusplus.com/reference/random/
ign Dupe:http://www.cplusplus.com/reference/random/
70,http://www.cplusplus.com/reference/ratio/
ign Dupe:http://www.cplusplus.com/reference/ratio/
71,http://www.cplusplus.com/reference/regex/
ign Dupe:http://www.cplusplus.com/reference/regex/
72,http://www.cplusplus.com/reference/stdexcept/
ign Dupe:http://www.cplusplus.com/reference/stdexcept/
73,http://www.cplusplus.com/reference/string/
ign Dupe:http://www.cplusplus.com/reference/string/
74,http://www.cplusplus.com/reference/system_error/
ign Dupe:http://www.cplusplus.com/reference/system_error/
75,http://www.cplusplus.com/reference/tuple/
ign Dupe:http://www.cplusplus.com/reference/tuple/
76,http://www.cplusplus.com/reference/typeindex/
ign Dupe:http://www.cplusplus.com/reference/typeindex/
77,http://www.cplusplus.com/reference/typeinfo/
ign Dupe:http://www.cplusplus.com/reference/typeinfo/
78,http://www.cplusplus.com/reference/type_traits/
ign Dupe:http://www.cplusplus.com/reference/type_traits/
79,http://www.cplusplus.com/reference/utility/
ign Dupe:http://www.cplusplus.com/reference/utility/
80,http://www.cplusplus.com/reference/valarray/
ign Dupe:http://www.cplusplus.com/reference/valarray/
1,http://www.cplusplus.com/reference/clibrary/
ign Dupe:http://www.cplusplus.com/reference/clibrary/
2,http://www.cplusplus.com/reference/cassert/
ign Dupe:http://www.cplusplus.com/reference/cassert/
3,http://www.cplusplus.com/reference/cctype/
ign Dupe:http://www.cplusplus.com/reference/cctype/
4,http://www.cplusplus.com/reference/cerrno/
ign Dupe:http://www.cplusplus.com/reference/cerrno/
5,http://www.cplusplus.com/reference/cfenv/
ign Dupe:http://www.cplusplus.com/reference/cfenv/
6,http://www.cplusplus.com/reference/cfloat/
ign Dupe:http://www.cplusplus.com/reference/cfloat/
7,http://www.cplusplus.com/reference/cinttypes/
ign Dupe:http://www.cplusplus.com/reference/cinttypes/
8,http://www.cplusplus.com/reference/ciso646/
ign Dupe:http://www.cplusplus.com/reference/ciso646/
9,http://www.cplusplus.com/reference/climits/
ign Dupe:http://www.cplusplus.com/reference/climits/
10,http://www.cplusplus.com/reference/clocale/
ign Dupe:http://www.cplusplus.com/reference/clocale/
11,http://www.cplusplus.com/reference/cmath/
ign Dupe:http://www.cplusplus.com/reference/cmath/
12,http://www.cplusplus.com/reference/csetjmp/
ign Dupe:http://www.cplusplus.com/reference/csetjmp/
13,http://www.cplusplus.com/reference/csignal/
ign Dupe:http://www.cplusplus.com/reference/csignal/
14,http://www.cplusplus.com/reference/cstdarg/
ign Dupe:http://www.cplusplus.com/reference/cstdarg/
15,http://www.cplusplus.com/reference/cstdbool/
ign Dupe:http://www.cplusplus.com/reference/cstdbool/
16,http://www.cplusplus.com/reference/cstddef/
ign Dupe:http://www.cplusplus.com/reference/cstddef/
17,http://www.cplusplus.com/reference/cstdint/
ign Dupe:http://www.cplusplus.com/reference/cstdint/
18,http://www.cplusplus.com/reference/cstdio/
ign Dupe:http://www.cplusplus.com/reference/cstdio/
19,http://www.cplusplus.com/reference/cstdlib/
ign Dupe:http://www.cplusplus.com/reference/cstdlib/
20,http://www.cplusplus.com/reference/cstring/
ign Dupe:http://www.cplusplus.com/reference/cstring/
21,http://www.cplusplus.com/reference/ctgmath/
ign Dupe:http://www.cplusplus.com/reference/ctgmath/
22,http://www.cplusplus.com/reference/ctime/
ign Dupe:http://www.cplusplus.com/reference/ctime/
23,http://www.cplusplus.com/reference/cuchar/
ign Dupe:http://www.cplusplus.com/reference/cuchar/
24,http://www.cplusplus.com/reference/cwchar/
ign Dupe:http://www.cplusplus.com/reference/cwchar/
25,http://www.cplusplus.com/reference/cwctype/
ign Dupe:http://www.cplusplus.com/reference/cwctype/
26,http://www.cplusplus.com/reference/stl/
ign Dupe:http://www.cplusplus.com/reference/stl/
27,http://www.cplusplus.com/reference/array/
ign Dupe:http://www.cplusplus.com/reference/array/
28,http://www.cplusplus.com/reference/deque/
ign Dupe:http://www.cplusplus.com/reference/deque/
29,http://www.cplusplus.com/reference/forward_list/
ign Dupe:http://www.cplusplus.com/reference/forward_list/
30,http://www.cplusplus.com/reference/list/
ign Dupe:http://www.cplusplus.com/reference/list/
31,http://www.cplusplus.com/reference/map/
ign Dupe:http://www.cplusplus.com/reference/map/
32,http://www.cplusplus.com/reference/queue/
ign Dupe:http://www.cplusplus.com/reference/queue/
33,http://www.cplusplus.com/reference/set/
ign Dupe:http://www.cplusplus.com/reference/set/
34,http://www.cplusplus.com/reference/stack/
ign Dupe:http://www.cplusplus.com/reference/stack/
35,http://www.cplusplus.com/reference/unordered_map/
ign Dupe:http://www.cplusplus.com/reference/unordered_map/
36,http://www.cplusplus.com/reference/unordered_set/
ign Dupe:http://www.cplusplus.com/reference/unordered_set/
37,http://www.cplusplus.com/reference/vector/
ign Dupe:http://www.cplusplus.com/reference/vector/
38,http://www.cplusplus.com/reference/iolibrary/
ign Dupe:http://www.cplusplus.com/reference/iolibrary/
39,http://www.cplusplus.com/reference/fstream/
ign Dupe:http://www.cplusplus.com/reference/fstream/
40,http://www.cplusplus.com/reference/iomanip/
ign Dupe:http://www.cplusplus.com/reference/iomanip/
41,http://www.cplusplus.com/reference/ios/
ign Dupe:http://www.cplusplus.com/reference/ios/
42,http://www.cplusplus.com/reference/iosfwd/
ign Dupe:http://www.cplusplus.com/reference/iosfwd/
43,http://www.cplusplus.com/reference/iostream/
ign Dupe:http://www.cplusplus.com/reference/iostream/
44,http://www.cplusplus.com/reference/istream/
ign Dupe:http://www.cplusplus.com/reference/istream/
45,http://www.cplusplus.com/reference/ostream/
ign Dupe:http://www.cplusplus.com/reference/ostream/
46,http://www.cplusplus.com/reference/sstream/
ign Dupe:http://www.cplusplus.com/reference/sstream/
47,http://www.cplusplus.com/reference/streambuf/
ign Dupe:http://www.cplusplus.com/reference/streambuf/
48,http://www.cplusplus.com/reference/multithreading/
ign Dupe:http://www.cplusplus.com/reference/multithreading/
49,http://www.cplusplus.com/reference/atomic/
ign Dupe:http://www.cplusplus.com/reference/atomic/
50,http://www.cplusplus.com/reference/condition_variable/
ign Dupe:http://www.cplusplus.com/reference/condition_variable/
51,http://www.cplusplus.com/reference/future/
ign Dupe:http://www.cplusplus.com/reference/future/
52,http://www.cplusplus.com/reference/mutex/
ign Dupe:http://www.cplusplus.com/reference/mutex/
53,http://www.cplusplus.com/reference/thread/
ign Dupe:http://www.cplusplus.com/reference/thread/
54,http://www.cplusplus.com/reference/std/
ign Dupe:http://www.cplusplus.com/reference/std/
55,http://www.cplusplus.com/reference/algorithm/
ign Dupe:http://www.cplusplus.com/reference/algorithm/
56,http://www.cplusplus.com/reference/bitset/
ign Dupe:http://www.cplusplus.com/reference/bitset/
57,http://www.cplusplus.com/reference/chrono/
ign Dupe:http://www.cplusplus.com/reference/chrono/
58,http://www.cplusplus.com/reference/codecvt/
ign Dupe:http://www.cplusplus.com/reference/codecvt/
59,http://www.cplusplus.com/reference/complex/
ign Dupe:http://www.cplusplus.com/reference/complex/
60,http://www.cplusplus.com/reference/exception/
ign Dupe:http://www.cplusplus.com/reference/exception/
61,http://www.cplusplus.com/reference/functional/
ign Dupe:http://www.cplusplus.com/reference/functional/
62,http://www.cplusplus.com/reference/initializer_list/
ign Dupe:http://www.cplusplus.com/reference/initializer_list/
63,http://www.cplusplus.com/reference/iterator/
ign Dupe:http://www.cplusplus.com/reference/iterator/
64,http://www.cplusplus.com/reference/limits/
ign Dupe:http://www.cplusplus.com/reference/limits/
65,http://www.cplusplus.com/reference/locale/
ign Dupe:http://www.cplusplus.com/reference/locale/
66,http://www.cplusplus.com/reference/memory/
ign Dupe:http://www.cplusplus.com/reference/memory/
67,http://www.cplusplus.com/reference/new/
ign Dupe:http://www.cplusplus.com/reference/new/
68,http://www.cplusplus.com/reference/numeric/
ign Dupe:http://www.cplusplus.com/reference/numeric/
69,http://www.cplusplus.com/reference/random/
ign Dupe:http://www.cplusplus.com/reference/random/
70,http://www.cplusplus.com/reference/ratio/
ign Dupe:http://www.cplusplus.com/reference/ratio/
71,http://www.cplusplus.com/reference/regex/
ign Dupe:http://www.cplusplus.com/reference/regex/
72,http://www.cplusplus.com/reference/stdexcept/
ign Dupe:http://www.cplusplus.com/reference/stdexcept/
73,http://www.cplusplus.com/reference/string/
ign Dupe:http://www.cplusplus.com/reference/string/
74,http://www.cplusplus.com/reference/system_error/
ign Dupe:http://www.cplusplus.com/reference/system_error/
75,http://www.cplusplus.com/reference/tuple/
ign Dupe:http://www.cplusplus.com/reference/tuple/
76,http://www.cplusplus.com/reference/typeindex/
ign Dupe:http://www.cplusplus.com/reference/typeindex/
77,http://www.cplusplus.com/reference/typeinfo/
ign Dupe:http://www.cplusplus.com/reference/typeinfo/
78,http://www.cplusplus.com/reference/type_traits/
ign Dupe:http://www.cplusplus.com/reference/type_traits/
79,http://www.cplusplus.com/reference/utility/
ign Dupe:http://www.cplusplus.com/reference/utility/
80,http://www.cplusplus.com/reference/valarray/
ign Dupe:http://www.cplusplus.com/reference/valarray/
1,http://www.cplusplus.com/reference/clibrary/
ign Dupe:http://www.cplusplus.com/reference/clibrary/
2,http://www.cplusplus.com/reference/cassert/
ign Dupe:http://www.cplusplus.com/reference/cassert/
3,http://www.cplusplus.com/reference/cctype/
ign Dupe:http://www.cplusplus.com/reference/cctype/
4,http://www.cplusplus.com/reference/cerrno/
ign Dupe:http://www.cplusplus.com/reference/cerrno/
5,http://www.cplusplus.com/reference/cfenv/
ign Dupe:http://www.cplusplus.com/reference/cfenv/
6,http://www.cplusplus.com/reference/cfloat/
ign Dupe:http://www.cplusplus.com/reference/cfloat/
7,http://www.cplusplus.com/reference/cinttypes/
ign Dupe:http://www.cplusplus.com/reference/cinttypes/
8,http://www.cplusplus.com/reference/ciso646/
ign Dupe:http://www.cplusplus.com/reference/ciso646/
9,http://www.cplusplus.com/reference/climits/
ign Dupe:http://www.cplusplus.com/reference/climits/
10,http://www.cplusplus.com/reference/clocale/
ign Dupe:http://www.cplusplus.com/reference/clocale/
11,http://www.cplusplus.com/reference/cmath/
ign Dupe:http://www.cplusplus.com/reference/cmath/
12,http://www.cplusplus.com/reference/csetjmp/
ign Dupe:http://www.cplusplus.com/reference/csetjmp/
13,http://www.cplusplus.com/reference/csignal/
ign Dupe:http://www.cplusplus.com/reference/csignal/
14,http://www.cplusplus.com/reference/cstdarg/
ign Dupe:http://www.cplusplus.com/reference/cstdarg/
15,http://www.cplusplus.com/reference/cstdbool/
ign Dupe:http://www.cplusplus.com/reference/cstdbool/
16,http://www.cplusplus.com/reference/cstddef/
ign Dupe:http://www.cplusplus.com/reference/cstddef/
17,http://www.cplusplus.com/reference/cstdint/
ign Dupe:http://www.cplusplus.com/reference/cstdint/
18,http://www.cplusplus.com/reference/cstdio/
ign Dupe:http://www.cplusplus.com/reference/cstdio/
19,http://www.cplusplus.com/reference/cstdlib/
ign Dupe:http://www.cplusplus.com/reference/cstdlib/
20,http://www.cplusplus.com/reference/cstring/
ign Dupe:http://www.cplusplus.com/reference/cstring/
21,http://www.cplusplus.com/reference/ctgmath/
ign Dupe:http://www.cplusplus.com/reference/ctgmath/
22,http://www.cplusplus.com/reference/ctime/
ign Dupe:http://www.cplusplus.com/reference/ctime/
23,http://www.cplusplus.com/reference/cuchar/
ign Dupe:http://www.cplusplus.com/reference/cuchar/
24,http://www.cplusplus.com/reference/cwchar/
ign Dupe:http://www.cplusplus.com/reference/cwchar/
25,http://www.cplusplus.com/reference/cwctype/
ign Dupe:http://www.cplusplus.com/reference/cwctype/
26,http://www.cplusplus.com/reference/stl/
ign Dupe:http://www.cplusplus.com/reference/stl/
27,http://www.cplusplus.com/reference/array/
ign Dupe:http://www.cplusplus.com/reference/array/
28,http://www.cplusplus.com/reference/deque/
ign Dupe:http://www.cplusplus.com/reference/deque/
29,http://www.cplusplus.com/reference/forward_list/
ign Dupe:http://www.cplusplus.com/reference/forward_list/
30,http://www.cplusplus.com/reference/list/
ign Dupe:http://www.cplusplus.com/reference/list/
31,http://www.cplusplus.com/reference/map/
ign Dupe:http://www.cplusplus.com/reference/map/
32,http://www.cplusplus.com/reference/queue/
ign Dupe:http://www.cplusplus.com/reference/queue/
33,http://www.cplusplus.com/reference/set/
ign Dupe:http://www.cplusplus.com/reference/set/
34,http://www.cplusplus.com/reference/stack/
ign Dupe:http://www.cplusplus.com/reference/stack/
35,http://www.cplusplus.com/reference/unordered_map/
ign Dupe:http://www.cplusplus.com/reference/unordered_map/
36,http://www.cplusplus.com/reference/unordered_set/
ign Dupe:http://www.cplusplus.com/reference/unordered_set/
37,http://www.cplusplus.com/reference/vector/
ign Dupe:http://www.cplusplus.com/reference/vector/
38,http://www.cplusplus.com/reference/iolibrary/
ign Dupe:http://www.cplusplus.com/reference/iolibrary/
39,http://www.cplusplus.com/reference/fstream/
ign Dupe:http://www.cplusplus.com/reference/fstream/
40,http://www.cplusplus.com/reference/iomanip/
ign Dupe:http://www.cplusplus.com/reference/iomanip/
41,http://www.cplusplus.com/reference/ios/
ign Dupe:http://www.cplusplus.com/reference/ios/
42,http://www.cplusplus.com/reference/iosfwd/
ign Dupe:http://www.cplusplus.com/reference/iosfwd/
43,http://www.cplusplus.com/reference/iostream/
ign Dupe:http://www.cplusplus.com/reference/iostream/
44,http://www.cplusplus.com/reference/istream/
ign Dupe:http://www.cplusplus.com/reference/istream/
45,http://www.cplusplus.com/reference/ostream/
ign Dupe:http://www.cplusplus.com/reference/ostream/
46,http://www.cplusplus.com/reference/sstream/
ign Dupe:http://www.cplusplus.com/reference/sstream/
47,http://www.cplusplus.com/reference/streambuf/
ign Dupe:http://www.cplusplus.com/reference/streambuf/
48,http://www.cplusplus.com/reference/multithreading/
ign Dupe:http://www.cplusplus.com/reference/multithreading/
49,http://www.cplusplus.com/reference/atomic/
ign Dupe:http://www.cplusplus.com/reference/atomic/
50,http://www.cplusplus.com/reference/condition_variable/
ign Dupe:http://www.cplusplus.com/reference/condition_variable/
51,http://www.cplusplus.com/reference/future/
ign Dupe:http://www.cplusplus.com/reference/future/
52,http://www.cplusplus.com/reference/mutex/
ign Dupe:http://www.cplusplus.com/reference/mutex/
53,http://www.cplusplus.com/reference/thread/
ign Dupe:http://www.cplusplus.com/reference/thread/
54,http://www.cplusplus.com/reference/std/
ign Dupe:http://www.cplusplus.com/reference/std/
55,http://www.cplusplus.com/reference/algorithm/
ign Dupe:http://www.cplusplus.com/reference/algorithm/
56,http://www.cplusplus.com/reference/bitset/
ign Dupe:http://www.cplusplus.com/reference/bitset/
57,http://www.cplusplus.com/reference/chrono/
ign Dupe:http://www.cplusplus.com/reference/chrono/
58,http://www.cplusplus.com/reference/codecvt/
ign Dupe:http://www.cplusplus.com/reference/codecvt/
59,http://www.cplusplus.com/reference/complex/
ign Dupe:http://www.cplusplus.com/reference/complex/
60,http://www.cplusplus.com/reference/exception/
ign Dupe:http://www.cplusplus.com/reference/exception/
61,http://www.cplusplus.com/reference/functional/
ign Dupe:http://www.cplusplus.com/reference/functional/
62,http://www.cplusplus.com/reference/initializer_list/
ign Dupe:http://www.cplusplus.com/reference/initializer_list/
63,http://www.cplusplus.com/reference/iterator/
ign Dupe:http://www.cplusplus.com/reference/iterator/
64,http://www.cplusplus.com/reference/limits/
ign Dupe:http://www.cplusplus.com/reference/limits/
65,http://www.cplusplus.com/reference/locale/
ign Dupe:http://www.cplusplus.com/reference/locale/
66,http://www.cplusplus.com/reference/memory/
ign Dupe:http://www.cplusplus.com/reference/memory/
67,http://www.cplusplus.com/reference/new/
ign Dupe:http://www.cplusplus.com/reference/new/
68,http://www.cplusplus.com/reference/numeric/
ign Dupe:http://www.cplusplus.com/reference/numeric/
69,http://www.cplusplus.com/reference/random/
ign Dupe:http://www.cplusplus.com/reference/random/
70,http://www.cplusplus.com/reference/ratio/
ign Dupe:http://www.cplusplus.com/reference/ratio/
71,http://www.cplusplus.com/reference/regex/
ign Dupe:http://www.cplusplus.com/reference/regex/
72,http://www.cplusplus.com/reference/stdexcept/
ign Dupe:http://www.cplusplus.com/reference/stdexcept/
73,http://www.cplusplus.com/reference/string/
ign Dupe:http://www.cplusplus.com/reference/string/
74,http://www.cplusplus.com/reference/system_error/
ign Dupe:http://www.cplusplus.com/reference/system_error/
75,http://www.cplusplus.com/reference/tuple/
ign Dupe:http://www.cplusplus.com/reference/tuple/
76,http://www.cplusplus.com/reference/typeindex/
ign Dupe:http://www.cplusplus.com/reference/typeindex/
77,http://www.cplusplus.com/reference/typeinfo/
ign Dupe:http://www.cplusplus.com/reference/typeinfo/
78,http://www.cplusplus.com/reference/type_traits/
ign Dupe:http://www.cplusplus.com/reference/type_traits/
79,http://www.cplusplus.com/reference/utility/
ign Dupe:http://www.cplusplus.com/reference/utility/
80,http://www.cplusplus.com/reference/valarray/
ign Dupe:http://www.cplusplus.com/reference/valarray/
click -> http://www.cplusplus.com/reference/cassert/
Sync ready. Counter at: 6033
assert|http://www.cplusplus.com/reference/cassert/assert/|Evaluate assertion (macro)
click -> http://www.cplusplus.com/reference/cctype/
