...Opening Category... 
XML Elements
...Opening Category... 
Scripting.Signer Object
...Opening Category... 
WScript Object
...Opening Category... 
WshArguments Object
...Opening Category... 
WshController Object
...Opening Category... 
WshEnvironment Object
...Opening Category... 
WshNamed Object
...Opening Category... 
WshNetwork Object
...Opening Category... 
WshRemote Object
...Opening Category... 
WshRemoteError Object
...Opening Category... 
WshScriptExec Object
...Opening Category... 
WshShell Object
...Opening Category... 
WshShortcut Object
...Opening Category... 
WshSpecialFolders Object
...Opening Category... 
WshUnnamed Object
...Opening Category... 
WshUrlShortcut Object
...Opening Category... 
Properties (Windows Script Host)
...Opening Category... 
Methods (Windows Script Host)
...Opening Category... 
Events
...Opening Category... 
Error Messages (Windows Script Host)
.., succesfully opened all Categories ... 
Collecting Soap Menuentries: 
.........................................................................................................................................................................................................
Finished Parsing Menu. I parsed 201 Entries.
About to fetch ApiDocs now -> A full Sync takes up to 20 Minutes, so how about some Coffee ?
Syncing with MSDN:
*********************************************************************************************************************************************************************************************************
_________________________________________________________
Entries parsed: 201
Already in sync: 0
Newly fetched: 201
Hope you had a nice time ;)